<?xml version="1.0" encoding="UTF-8"?>
<testng-results ignored="0" total="7" passed="6" failed="1" skipped="0">
  <reporter-output>
  </reporter-output>
  <suite started-at="2023-11-03T21:25:14 EDT" name="Default suite" finished-at="2023-11-03T21:30:04 EDT" duration-ms="289206">
    <groups>
    </groups>
    <test started-at="2023-11-03T21:25:14 EDT" name="Default test" finished-at="2023-11-03T21:30:04 EDT" duration-ms="289206">
      <class name="testLayer.AddAddress">
        <test-method is-config="true" signature="initsetup()[pri:0, instance:testLayer.AddAddress@77888435]" started-at="2023-11-03T21:25:15 EDT" name="initsetup" finished-at="2023-11-03T21:25:25 EDT" duration-ms="9577" status="PASS">
          <reporter-output>
          </reporter-output>
        </test-method> <!-- initsetup -->
        <test-method signature="navigateaddraddress(java.lang.String,java.lang.String)[pri:1, instance:testLayer.AddAddress@77888435]" started-at="2023-11-03T21:25:25 EDT" name="navigateaddraddress" data-provider="validData" finished-at="2023-11-03T21:25:54 EDT" duration-ms="28772" status="PASS">
          <params>
            <param index="0">
              <value>
                <![CDATA[vebeti5990@zamaneta.com]]>
              </value>
            </param>
            <param index="1">
              <value>
                <![CDATA[Veb&90]]>
              </value>
            </param>
          </params>
          <reporter-output>
          </reporter-output>
        </test-method> <!-- navigateaddraddress -->
        <test-method is-config="true" signature="closebrowser()[pri:0, instance:testLayer.AddAddress@77888435]" started-at="2023-11-03T21:25:54 EDT" name="closebrowser" finished-at="2023-11-03T21:25:56 EDT" duration-ms="2442" status="PASS">
          <reporter-output>
          </reporter-output>
        </test-method> <!-- closebrowser -->
        <test-method is-config="true" signature="initsetup()[pri:0, instance:testLayer.AddAddress@77888435]" started-at="2023-11-03T21:25:56 EDT" name="initsetup" finished-at="2023-11-03T21:26:05 EDT" duration-ms="8735" status="PASS">
          <reporter-output>
          </reporter-output>
        </test-method> <!-- initsetup -->
        <test-method signature="validaddress(java.lang.String,java.lang.String,java.lang.String,java.lang.String,java.lang.String,java.lang.String,java.lang.String,java.lang.String)[pri:2, instance:testLayer.AddAddress@77888435]" started-at="2023-11-03T21:26:05 EDT" name="validaddress" data-provider="validAddress" finished-at="2023-11-03T21:26:40 EDT" duration-ms="34806" status="PASS">
          <params>
            <param index="0">
              <value>
                <![CDATA[vebeti5990@zamaneta.com]]>
              </value>
            </param>
            <param index="1">
              <value>
                <![CDATA[Veb&90]]>
              </value>
            </param>
            <param index="2">
              <value>
                <![CDATA[Jenny James]]>
              </value>
            </param>
            <param index="3">
              <value>
                <![CDATA[2192378825]]>
              </value>
            </param>
            <param index="4">
              <value>
                <![CDATA[Apt. 112,]]>
              </value>
            </param>
            <param index="5">
              <value>
                <![CDATA[King Street]]>
              </value>
            </param>
            <param index="6">
              <value>
                <![CDATA[Brampton]]>
              </value>
            </param>
            <param index="7">
              <value>
                <![CDATA[N1G3K0]]>
              </value>
            </param>
          </params>
          <reporter-output>
          </reporter-output>
        </test-method> <!-- validaddress -->
        <test-method is-config="true" signature="closebrowser()[pri:0, instance:testLayer.AddAddress@77888435]" started-at="2023-11-03T21:26:40 EDT" name="closebrowser" finished-at="2023-11-03T21:26:42 EDT" duration-ms="2259" status="PASS">
          <reporter-output>
          </reporter-output>
        </test-method> <!-- closebrowser -->
        <test-method is-config="true" signature="initsetup()[pri:0, instance:testLayer.AddAddress@77888435]" started-at="2023-11-03T21:26:42 EDT" name="initsetup" finished-at="2023-11-03T21:26:50 EDT" duration-ms="8261" status="PASS">
          <reporter-output>
          </reporter-output>
        </test-method> <!-- initsetup -->
        <test-method signature="invalidaddress(java.lang.String,java.lang.String,java.lang.String,java.lang.String,java.lang.String,java.lang.String,java.lang.String,java.lang.String)[pri:3, instance:testLayer.AddAddress@77888435]" started-at="2023-11-03T21:26:50 EDT" name="invalidaddress" data-provider="invalidAddress" finished-at="2023-11-03T21:27:23 EDT" duration-ms="32517" status="PASS">
          <params>
            <param index="0">
              <value>
                <![CDATA[vebeti5990@zamaneta.com]]>
              </value>
            </param>
            <param index="1">
              <value>
                <![CDATA[Veb&90]]>
              </value>
            </param>
            <param index="2">
              <value>
                <![CDATA[Jenny James]]>
              </value>
            </param>
            <param index="3">
              <value>
                <![CDATA[2192378825]]>
              </value>
            </param>
            <param index="4">
              <value>
                <![CDATA[]]>
              </value>
            </param>
            <param index="5">
              <value>
                <![CDATA[]]>
              </value>
            </param>
            <param index="6">
              <value>
                <![CDATA[Brampton]]>
              </value>
            </param>
            <param index="7">
              <value>
                <![CDATA[N1G3K0]]>
              </value>
            </param>
          </params>
          <reporter-output>
          </reporter-output>
        </test-method> <!-- invalidaddress -->
        <test-method is-config="true" signature="closebrowser()[pri:0, instance:testLayer.AddAddress@77888435]" started-at="2023-11-03T21:27:23 EDT" name="closebrowser" finished-at="2023-11-03T21:27:25 EDT" duration-ms="2450" status="PASS">
          <reporter-output>
          </reporter-output>
        </test-method> <!-- closebrowser -->
        <test-method is-config="true" signature="initsetup()[pri:0, instance:testLayer.AddAddress@77888435]" started-at="2023-11-03T21:27:25 EDT" name="initsetup" finished-at="2023-11-03T21:27:34 EDT" duration-ms="8687" status="PASS">
          <reporter-output>
          </reporter-output>
        </test-method> <!-- initsetup -->
        <test-method signature="invalidaddress(java.lang.String,java.lang.String,java.lang.String,java.lang.String,java.lang.String,java.lang.String,java.lang.String,java.lang.String)[pri:3, instance:testLayer.AddAddress@77888435]" started-at="2023-11-03T21:27:34 EDT" name="invalidaddress" data-provider="invalidAddress" finished-at="2023-11-03T21:28:06 EDT" duration-ms="31642" status="PASS">
          <params>
            <param index="0">
              <value>
                <![CDATA[vebeti5990@zamaneta.com]]>
              </value>
            </param>
            <param index="1">
              <value>
                <![CDATA[Veb&90]]>
              </value>
            </param>
            <param index="2">
              <value>
                <![CDATA[]]>
              </value>
            </param>
            <param index="3">
              <value>
                <![CDATA[2192378825]]>
              </value>
            </param>
            <param index="4">
              <value>
                <![CDATA[Apt. 112,]]>
              </value>
            </param>
            <param index="5">
              <value>
                <![CDATA[King Street]]>
              </value>
            </param>
            <param index="6">
              <value>
                <![CDATA[Brampton]]>
              </value>
            </param>
            <param index="7">
              <value>
                <![CDATA[N1G3K0]]>
              </value>
            </param>
          </params>
          <reporter-output>
          </reporter-output>
        </test-method> <!-- invalidaddress -->
        <test-method is-config="true" signature="closebrowser()[pri:0, instance:testLayer.AddAddress@77888435]" started-at="2023-11-03T21:28:06 EDT" name="closebrowser" finished-at="2023-11-03T21:28:08 EDT" duration-ms="2394" status="PASS">
          <reporter-output>
          </reporter-output>
        </test-method> <!-- closebrowser -->
        <test-method is-config="true" signature="initsetup()[pri:0, instance:testLayer.AddAddress@77888435]" started-at="2023-11-03T21:28:08 EDT" name="initsetup" finished-at="2023-11-03T21:28:16 EDT" duration-ms="7813" status="PASS">
          <reporter-output>
          </reporter-output>
        </test-method> <!-- initsetup -->
        <test-method signature="invalidaddress(java.lang.String,java.lang.String,java.lang.String,java.lang.String,java.lang.String,java.lang.String,java.lang.String,java.lang.String)[pri:3, instance:testLayer.AddAddress@77888435]" started-at="2023-11-03T21:28:16 EDT" name="invalidaddress" data-provider="invalidAddress" finished-at="2023-11-03T21:28:36 EDT" duration-ms="20089" status="FAIL">
          <params>
            <param index="0">
              <value>
                <![CDATA[vebeti5990@zamaneta.com]]>
              </value>
            </param>
            <param index="1">
              <value>
                <![CDATA[Veb&90]]>
              </value>
            </param>
            <param index="2">
              <value>
                <![CDATA[Jenny James]]>
              </value>
            </param>
            <param index="3">
              <value>
                <![CDATA[]]>
              </value>
            </param>
            <param index="4">
              <value>
                <![CDATA[Apt. 112,]]>
              </value>
            </param>
            <param index="5">
              <value>
                <![CDATA[King Street]]>
              </value>
            </param>
            <param index="6">
              <value>
                <![CDATA[Brampton]]>
              </value>
            </param>
            <param index="7">
              <value>
                <![CDATA[N1G3K0]]>
              </value>
            </param>
          </params>
          <exception class="org.openqa.selenium.NoSuchElementException">
            <message>
              <![CDATA[Unable to locate element: Sign in
For documentation on this error, please visit: https://www.selenium.dev/documentation/webdriver/troubleshooting/errors#no-such-element-exception
Build info: version: '4.13.0', revision: 'ba948ece5b*'
System info: os.name: 'Windows 10', os.arch: 'amd64', os.version: '10.0', java.version: '20.0.2'
Driver info: org.openqa.selenium.firefox.FirefoxDriver
Command: [4065599d-91f3-462d-a982-02b867401efc, findElement {using=link text, value=Sign in}]
Capabilities {acceptInsecureCerts: true, browserName: firefox, browserVersion: 119.0, moz:accessibilityChecks: false, moz:buildID: 20231019122658, moz:debuggerAddress: 127.0.0.1:24520, moz:geckodriverVersion: 0.33.0, moz:headless: false, moz:platformVersion: 10.0, moz:processID: 23248, moz:profile: C:\Users\manpr\AppData\Loca..., moz:shutdownTimeout: 60000, moz:webdriverClick: true, moz:windowless: false, pageLoadStrategy: normal, platformName: windows, proxy: Proxy(), se:cdp: ws://127.0.0.1:24520/devtoo..., se:cdpVersion: 85.0, setWindowRect: true, strictFileInteractability: false, timeouts: {implicit: 0, pageLoad: 300000, script: 30000}, unhandledPromptBehavior: dismiss and notify}
Session ID: 4065599d-91f3-462d-a982-02b867401efc]]>
            </message>
            <full-stacktrace>
              <![CDATA[org.openqa.selenium.NoSuchElementException: Unable to locate element: Sign in
For documentation on this error, please visit: https://www.selenium.dev/documentation/webdriver/troubleshooting/errors#no-such-element-exception
Build info: version: '4.13.0', revision: 'ba948ece5b*'
System info: os.name: 'Windows 10', os.arch: 'amd64', os.version: '10.0', java.version: '20.0.2'
Driver info: org.openqa.selenium.firefox.FirefoxDriver
Command: [4065599d-91f3-462d-a982-02b867401efc, findElement {using=link text, value=Sign in}]
Capabilities {acceptInsecureCerts: true, browserName: firefox, browserVersion: 119.0, moz:accessibilityChecks: false, moz:buildID: 20231019122658, moz:debuggerAddress: 127.0.0.1:24520, moz:geckodriverVersion: 0.33.0, moz:headless: false, moz:platformVersion: 10.0, moz:processID: 23248, moz:profile: C:\Users\manpr\AppData\Loca..., moz:shutdownTimeout: 60000, moz:webdriverClick: true, moz:windowless: false, pageLoadStrategy: normal, platformName: windows, proxy: Proxy(), se:cdp: ws://127.0.0.1:24520/devtoo..., se:cdpVersion: 85.0, setWindowRect: true, strictFileInteractability: false, timeouts: {implicit: 0, pageLoad: 300000, script: 30000}, unhandledPromptBehavior: dismiss and notify}
Session ID: 4065599d-91f3-462d-a982-02b867401efc
at java.base/jdk.internal.reflect.DirectConstructorHandleAccessor.newInstance(DirectConstructorHandleAccessor.java:67)
at java.base/java.lang.reflect.Constructor.newInstanceWithCaller(Constructor.java:500)
at java.base/java.lang.reflect.Constructor.newInstance(Constructor.java:484)
at org.openqa.selenium.remote.codec.w3c.W3CHttpResponseCodec.createException(W3CHttpResponseCodec.java:200)
at org.openqa.selenium.remote.codec.w3c.W3CHttpResponseCodec.decode(W3CHttpResponseCodec.java:133)
at org.openqa.selenium.remote.codec.w3c.W3CHttpResponseCodec.decode(W3CHttpResponseCodec.java:52)
at org.openqa.selenium.remote.HttpCommandExecutor.execute(HttpCommandExecutor.java:191)
at org.openqa.selenium.remote.service.DriverCommandExecutor.invokeExecute(DriverCommandExecutor.java:196)
at org.openqa.selenium.remote.service.DriverCommandExecutor.execute(DriverCommandExecutor.java:171)
at org.openqa.selenium.remote.RemoteWebDriver.execute(RemoteWebDriver.java:602)
at org.openqa.selenium.remote.ElementLocation$ElementFinder$2.findElement(ElementLocation.java:165)
at org.openqa.selenium.remote.ElementLocation.findElement(ElementLocation.java:59)
at org.openqa.selenium.remote.RemoteWebDriver.findElement(RemoteWebDriver.java:359)
at org.openqa.selenium.remote.RemoteWebDriver.findElement(RemoteWebDriver.java:353)
at org.openqa.selenium.support.pagefactory.DefaultElementLocator.findElement(DefaultElementLocator.java:68)
at org.openqa.selenium.support.pagefactory.internal.LocatingElementHandler.invoke(LocatingElementHandler.java:38)
at jdk.proxy2/jdk.proxy2.$Proxy16.click(Unknown Source)
at pompackage.PomAddAddress.clicksignin(PomAddAddress.java:43)
at testLayer.AddAddress.invalidaddress(AddAddress.java:121)
at java.base/jdk.internal.reflect.DirectMethodHandleAccessor.invoke(DirectMethodHandleAccessor.java:104)
at java.base/java.lang.reflect.Method.invoke(Method.java:578)
at org.testng.internal.invokers.MethodInvocationHelper.invokeMethod(MethodInvocationHelper.java:139)
at org.testng.internal.invokers.TestInvoker.invokeMethod(TestInvoker.java:677)
at org.testng.internal.invokers.TestInvoker.invokeTestMethod(TestInvoker.java:221)
at org.testng.internal.invokers.MethodRunner.runInSequence(MethodRunner.java:50)
at org.testng.internal.invokers.TestInvoker$MethodInvocationAgent.invoke(TestInvoker.java:969)
at org.testng.internal.invokers.TestInvoker.invokeTestMethods(TestInvoker.java:194)
at org.testng.internal.invokers.TestMethodWorker.invokeTestMethods(TestMethodWorker.java:148)
at org.testng.internal.invokers.TestMethodWorker.run(TestMethodWorker.java:128)
at java.base/java.util.ArrayList.forEach(ArrayList.java:1511)
at org.testng.TestRunner.privateRun(TestRunner.java:829)
at org.testng.TestRunner.run(TestRunner.java:602)
at org.testng.SuiteRunner.runTest(SuiteRunner.java:437)
at org.testng.SuiteRunner.runSequentially(SuiteRunner.java:431)
at org.testng.SuiteRunner.privateRun(SuiteRunner.java:391)
at org.testng.SuiteRunner.run(SuiteRunner.java:330)
at org.testng.SuiteRunnerWorker.runSuite(SuiteRunnerWorker.java:52)
at org.testng.SuiteRunnerWorker.run(SuiteRunnerWorker.java:95)
at org.testng.TestNG.runSuitesSequentially(TestNG.java:1256)
at org.testng.TestNG.runSuitesLocally(TestNG.java:1176)
at org.testng.TestNG.runSuites(TestNG.java:1099)
at org.testng.TestNG.run(TestNG.java:1067)
at org.testng.remote.AbstractRemoteTestNG.run(AbstractRemoteTestNG.java:115)
at org.testng.remote.RemoteTestNG.initAndRun(RemoteTestNG.java:251)
at org.testng.remote.RemoteTestNG.main(RemoteTestNG.java:77)
]]>
            </full-stacktrace>
          </exception> <!-- org.openqa.selenium.NoSuchElementException -->
          <reporter-output>
          </reporter-output>
        </test-method> <!-- invalidaddress -->
        <test-method is-config="true" signature="closebrowser()[pri:0, instance:testLayer.AddAddress@77888435]" started-at="2023-11-03T21:28:36 EDT" name="closebrowser" finished-at="2023-11-03T21:28:37 EDT" duration-ms="1167" status="PASS">
          <reporter-output>
          </reporter-output>
        </test-method> <!-- closebrowser -->
        <test-method is-config="true" signature="initsetup()[pri:0, instance:testLayer.AddAddress@77888435]" started-at="2023-11-03T21:28:37 EDT" name="initsetup" finished-at="2023-11-03T21:28:46 EDT" duration-ms="8776" status="PASS">
          <reporter-output>
          </reporter-output>
        </test-method> <!-- initsetup -->
        <test-method signature="invalidaddress(java.lang.String,java.lang.String,java.lang.String,java.lang.String,java.lang.String,java.lang.String,java.lang.String,java.lang.String)[pri:3, instance:testLayer.AddAddress@77888435]" started-at="2023-11-03T21:28:46 EDT" name="invalidaddress" data-provider="invalidAddress" finished-at="2023-11-03T21:29:19 EDT" duration-ms="33687" status="PASS">
          <params>
            <param index="0">
              <value>
                <![CDATA[vebeti5990@zamaneta.com]]>
              </value>
            </param>
            <param index="1">
              <value>
                <![CDATA[Veb&90]]>
              </value>
            </param>
            <param index="2">
              <value>
                <![CDATA[Jenny James]]>
              </value>
            </param>
            <param index="3">
              <value>
                <![CDATA[2192378825]]>
              </value>
            </param>
            <param index="4">
              <value>
                <![CDATA[Apt. 112,]]>
              </value>
            </param>
            <param index="5">
              <value>
                <![CDATA[King Street]]>
              </value>
            </param>
            <param index="6">
              <value>
                <![CDATA[]]>
              </value>
            </param>
            <param index="7">
              <value>
                <![CDATA[N1G3K0]]>
              </value>
            </param>
          </params>
          <reporter-output>
          </reporter-output>
        </test-method> <!-- invalidaddress -->
        <test-method is-config="true" signature="closebrowser()[pri:0, instance:testLayer.AddAddress@77888435]" started-at="2023-11-03T21:29:19 EDT" name="closebrowser" finished-at="2023-11-03T21:29:22 EDT" duration-ms="2424" status="PASS">
          <reporter-output>
          </reporter-output>
        </test-method> <!-- closebrowser -->
        <test-method is-config="true" signature="initsetup()[pri:0, instance:testLayer.AddAddress@77888435]" started-at="2023-11-03T21:29:22 EDT" name="initsetup" finished-at="2023-11-03T21:29:30 EDT" duration-ms="8325" status="PASS">
          <reporter-output>
          </reporter-output>
        </test-method> <!-- initsetup -->
        <test-method signature="invalidaddress(java.lang.String,java.lang.String,java.lang.String,java.lang.String,java.lang.String,java.lang.String,java.lang.String,java.lang.String)[pri:3, instance:testLayer.AddAddress@77888435]" started-at="2023-11-03T21:29:30 EDT" name="invalidaddress" data-provider="invalidAddress" finished-at="2023-11-03T21:30:02 EDT" duration-ms="31336" status="PASS">
          <params>
            <param index="0">
              <value>
                <![CDATA[vebeti5990@zamaneta.com]]>
              </value>
            </param>
            <param index="1">
              <value>
                <![CDATA[Veb&90]]>
              </value>
            </param>
            <param index="2">
              <value>
                <![CDATA[Jenny James]]>
              </value>
            </param>
            <param index="3">
              <value>
                <![CDATA[2192378825]]>
              </value>
            </param>
            <param index="4">
              <value>
                <![CDATA[Apt. 112,]]>
              </value>
            </param>
            <param index="5">
              <value>
                <![CDATA[King Street]]>
              </value>
            </param>
            <param index="6">
              <value>
                <![CDATA[Brampton]]>
              </value>
            </param>
            <param index="7">
              <value>
                <![CDATA[]]>
              </value>
            </param>
          </params>
          <reporter-output>
          </reporter-output>
        </test-method> <!-- invalidaddress -->
        <test-method is-config="true" signature="closebrowser()[pri:0, instance:testLayer.AddAddress@77888435]" started-at="2023-11-03T21:30:02 EDT" name="closebrowser" finished-at="2023-11-03T21:30:04 EDT" duration-ms="2104" status="PASS">
          <reporter-output>
          </reporter-output>
        </test-method> <!-- closebrowser -->
      </class> <!-- testLayer.AddAddress -->
    </test> <!-- Default test -->
  </suite> <!-- Default suite -->
</testng-results>
